生成启动时间为 2020/9/22 21:42:39。
     1>项目“E:\程序文件\a_GitHub\C++github\cpp-base\Test\Test\Test.vcxproj”在节点 2 上(Rebuild 个目标)。
     1>ClCompile:
         E:\VS2013\VC\bin\CL.exe /c /I"E:\App\Visual Leak Detector\include" /ZI /nologo /W3 /WX- /sdl /Od /Oy- /D _MBCS /Gm /EHsc /RTC1 /MDd /GS /fp:precise /Zc:wchar_t /Zc:forScope /Fo"Debug\\" /Fd"Debug\vc120.pdb" /Gd /TP /analyze- /errorReport:prompt 1.cpp Test.cpp
         Test.cpp
     1>e:\程序文件\a_github\c++github\cpp-base\test\test\test.cpp(20): error C2057: 应输入常量表达式
     1>e:\程序文件\a_github\c++github\cpp-base\test\test\test.cpp(20): error C2466: 不能分配常量大小为 0 的数组
     1>e:\程序文件\a_github\c++github\cpp-base\test\test\test.cpp(20): error C2133: “leftarr”: 未知的大小
     1>e:\程序文件\a_github\c++github\cpp-base\test\test\test.cpp(30): error C2057: 应输入常量表达式
     1>e:\程序文件\a_github\c++github\cpp-base\test\test\test.cpp(30): error C2466: 不能分配常量大小为 0 的数组
     1>e:\程序文件\a_github\c++github\cpp-base\test\test\test.cpp(30): error C2133: “rightarr”: 未知的大小
         1.cpp
         正在生成代码...
     1>已完成生成项目“E:\程序文件\a_GitHub\C++github\cpp-base\Test\Test\Test.vcxproj”(Rebuild 个目标)的操作 - 失败。

生成失败。

已用时间 00:00:03.28
